2020-10-14 03:42:15 - page.event.changeStatus:after
pages count: 3 listed
2020-10-14 03:43:18 - page.event.update:after
2020-10-14 03:43:40 - page.event.changeStatus:after
pages count: 3 draft
content folder: D:\laragon\www\flechedor/content/1_agenda/14_2020-10-15-test
_drafts folder: D:\laragon\www\flechedor/content/1_agenda/_drafts/2020-10-29-test\..
content folder: D:\laragon\www\flechedor/content/1_agenda/15_2020-10-22-test
_drafts folder: D:\laragon\www\flechedor/content/1_agenda/_drafts/2020-10-29-test\..
2020-10-14 03:46:26 - page.event.update:after
2020-10-14 03:46:36 - page.event.changeStatus:after
2020-10-14 03:55:13 - page.event.changeStatus:after
2020-10-14 03:55:13 - pages count: 3 draft
2020-10-14 03:55:43 - page.event.update:after
2020-10-14 03:55:54 - page.event.changeStatus:after
2020-10-14 03:55:55 - pages count: 3 listed
2020-10-14 03:56:22 - page.event.update:after
2020-10-14 03:56:50 - page.event.changeStatus:after
2020-10-14 03:56:50 - pages count: 3 draft
2020-10-14 03:56:50 - content folder: D:\laragon\www\flechedor/content/1_agenda/14_2020-10-15-test
2020-10-14 03:56:50 - _drafts folder: D:\laragon\www\flechedor/content/1_agenda/_drafts/2020-10-29-test\..
2020-10-14 03:56:50 - deleting folder: D:\laragon\www\flechedor/content/1_agenda/14_2020-10-15-test
2020-10-14 03:56:50 - deleting folder: D:\laragon\www\flechedor\content\1_agenda/15_2020-10-15-test
2020-10-14 03:56:50 - content folder: D:\laragon\www\flechedor/content/1_agenda/15_2020-10-22-test
2020-10-14 03:56:50 - _drafts folder: D:\laragon\www\flechedor/content/1_agenda/_drafts/2020-10-29-test\..
2020-10-14 03:56:50 - deleting folder: D:\laragon\www\flechedor/content/1_agenda/15_2020-10-22-test
2020-10-14 03:56:50 - deleting folder: D:\laragon\www\flechedor\content\1_agenda/16_2020-10-22-test
2020-10-14 15:26:59 - page.event.create:after
2020-10-14 15:26:59 - page.event.changeSlug:after
2020-10-14 15:58:09 - page.event.update:after
2020-10-14 15:58:35 - page.event.changeStatus:after
2020-10-14 15:58:36 - pages count: 19 listed
2020-10-14 15:58:41 - page.event.update:after
2020-10-14 15:59:16 - page.event.update:after
2020-10-14 15:59:18 - page.event.update:after
2020-10-14 15:59:21 - page.event.update:after
2020-10-14 15:59:22 - page.event.update:after
2020-10-14 15:59:55 - page.event.update:after
2020-10-14 15:59:58 - page.event.update:after
2020-10-14 16:00:00 - page.event.update:after
2020-10-14 16:00:08 - page.event.update:after
2020-10-14 16:00:09 - page.event.update:after
2020-10-14 16:00:10 - page.event.update:after
2020-10-14 16:00:25 - page.event.update:after
2020-10-14 16:00:27 - page.event.update:after
2020-10-14 16:02:19 - page.event.update:after
2020-10-14 16:02:27 - page.event.update:after
2020-10-14 16:02:31 - page.event.update:after
2020-10-14 16:02:33 - page.event.update:after
2020-10-14 16:02:34 - page.event.update:after
2020-10-14 16:02:43 - page.event.update:after
2020-10-14 16:03:04 - page.event.update:after
2020-10-14 16:04:20 - page.event.update:after
2020-10-14 16:04:25 - page.event.update:after
2020-10-14 16:05:11 - page.event.update:after
2020-10-14 16:05:13 - page.event.update:after
2020-10-14 16:08:11 - page.event.update:after
2020-10-14 16:11:29 - page.event.update:after
2020-10-14 16:11:34 - page.event.update:after
2020-10-14 16:11:43 - page.event.update:after
2020-10-14 16:12:14 - page.event.update:after
2020-10-14 16:12:18 - page.event.changeStatus:after
2020-10-14 16:12:18 - pages count: 19 listed
2020-10-14 16:14:10 - page.event.update:after
2020-10-14 16:16:09 - page.event.update:after
2020-10-14 16:19:14 - page.event.update:after
2020-10-14 16:20:43 - page.event.update:after
2020-10-14 16:21:29 - page.event.update:after
2020-10-14 16:23:59 - page.event.update:after
2020-10-14 16:24:34 - page.event.update:after
2020-10-14 16:57:52 - page.event.update:after
2020-10-14 17:00:33 - page.event.changeStatus:after
2020-10-14 17:00:36 - page.event.update:after
2020-10-14 17:00:50 - page.event.changeStatus:after
2020-10-14 17:01:12 - page.event.update:after
2020-10-14 17:01:17 - page.event.update:after
2020-10-14 17:10:56 - page.event.update:after
2020-10-15 12:07:20 - page.event.changeStatus:after
2020-10-15 12:07:30 - page.event.changeStatus:after
2020-10-15 12:07:35 - page.event.changeStatus:after
2020-10-15 12:07:41 - page.event.changeStatus:after
2020-10-15 12:07:47 - page.event.changeStatus:after
2020-10-15 12:07:52 - page.event.changeStatus:after
2020-10-15 12:07:58 - page.event.changeStatus:after
2020-10-15 12:08:04 - page.event.changeStatus:after
2020-10-15 12:08:10 - page.event.changeStatus:after
2020-10-15 17:26:58 - page.event.create:after
2020-10-15 17:26:58 - page.event.changeSlug:after
2020-10-16 11:39:38 - page.event.update:after
2020-10-16 14:59:14 - page.event.update:after
2020-10-19 11:52:25 - page.event.update:after
2020-10-19 11:53:05 - page.event.update:after
2020-10-19 12:25:36 - page.event.create:after
2020-10-19 12:25:36 - page.event.changeSlug:after
2020-10-19 12:30:57 - page.event.update:after
2020-10-19 12:32:36 - page.event.update:after
2020-10-19 12:32:42 - page.event.update:after
2020-10-19 12:33:19 - page.event.changeStatus:after
2020-10-19 12:33:19 - pages count: 19 listed
2020-10-19 12:35:38 - page.event.update:after
2020-10-19 12:36:47 - page.event.create:after
2020-10-19 12:36:47 - page.event.changeSlug:after
2020-10-19 12:40:17 - page.event.update:after
2020-10-19 12:41:35 - page.event.update:after
2020-10-19 12:41:45 - page.event.changeStatus:after
2020-10-19 12:43:17 - page.event.update:after
2020-10-19 15:09:53 - page.event.update:after
2020-10-19 15:10:04 - page.event.update:after
2020-10-19 17:07:27 - page.event.create:after
2020-10-19 17:07:27 - page.event.changeSlug:after
2020-10-19 17:11:46 - page.event.update:after
2020-10-19 17:12:02 - page.event.changeStatus:after
2020-10-19 17:12:43 - page.event.create:after
2020-10-19 17:12:43 - page.event.changeSlug:after
2020-10-19 17:15:04 - page.event.update:after
2020-10-19 17:15:07 - page.event.changeStatus:after
2020-10-21 10:26:47 - page.event.update:after
2020-10-21 12:53:04 - page.event.changeTitle:after
2020-10-21 14:31:39 - page.event.changeStatus:after
2020-10-21 14:31:44 - page.event.changeStatus:after
2020-10-21 14:31:49 - page.event.changeStatus:after
2020-10-21 14:31:54 - page.event.changeStatus:after
2020-10-21 14:31:57 - page.event.changeStatus:after
2020-10-21 14:32:01 - page.event.changeStatus:after
2020-10-21 14:32:05 - page.event.changeStatus:after
2020-10-21 14:32:10 - page.event.changeStatus:after
2020-10-21 14:32:10 - page.event.changeStatus:after
2020-10-21 14:32:16 - page.event.changeStatus:after
2020-10-21 14:32:23 - page.event.changeStatus:after
2020-10-23 11:44:03 - page.event.update:after
2020-10-23 11:46:48 - page.event.update:after
2020-10-26 11:42:55 - page.event.create:after
2020-10-26 11:42:55 - page.event.changeSlug:after
2020-10-26 11:44:54 - page.event.update:after
2020-10-26 11:45:00 - page.event.changeStatus:after
2020-10-26 11:45:31 - page.event.create:after
2020-10-26 11:45:31 - page.event.changeSlug:after
2020-10-26 11:49:37 - page.event.update:after
2020-10-26 11:49:44 - page.event.changeStatus:after
2020-10-26 11:50:03 - page.event.update:after
2020-10-26 14:27:54 - page.event.update:after
2020-10-26 14:28:27 - page.event.update:after
2020-10-26 14:28:36 - page.event.update:after
2020-10-27 10:34:14 - page.event.create:after
2020-10-27 10:34:14 - page.event.changeSlug:after
2020-10-27 15:59:07 - page.event.changeStatus:after
2020-10-27 15:59:12 - page.event.changeStatus:after
2020-10-27 15:59:16 - page.event.changeStatus:after
2020-10-27 15:59:22 - page.event.changeStatus:after
2020-10-27 15:59:27 - page.event.changeStatus:after
2020-10-27 15:59:31 - page.event.changeStatus:after
2020-10-27 15:59:35 - page.event.changeStatus:after
2020-10-27 15:59:40 - page.event.changeStatus:after
2020-10-27 15:59:45 - page.event.changeStatus:after
2020-10-27 15:59:49 - page.event.changeStatus:after
2020-10-27 16:00:09 - page.event.update:after
2020-10-27 16:00:29 - page.event.update:after
2020-10-27 16:00:42 - page.event.update:after
2020-10-27 16:00:53 - page.event.update:after
2020-10-27 16:01:06 - page.event.update:after
2020-10-27 16:01:40 - page.event.update:after
2020-10-27 16:01:55 - page.event.update:after
2020-11-05 16:34:17 - page.event.changeStatus:after
2020-11-05 16:34:22 - page.event.changeStatus:after
2020-11-05 16:34:32 - page.event.update:after
2020-11-05 16:34:44 - page.event.changeStatus:after
2020-11-05 16:34:49 - page.event.changeStatus:after
2020-11-05 16:34:57 - page.event.changeStatus:after
2020-11-05 16:35:02 - page.event.changeStatus:after
2020-11-05 16:35:13 - page.event.update:after
2020-11-05 16:35:30 - page.event.changeStatus:after
2020-11-05 16:35:36 - page.event.changeStatus:after
2020-11-05 16:35:44 - page.event.changeStatus:after
2020-11-05 16:35:48 - page.event.changeStatus:after
2020-11-05 16:35:54 - page.event.changeStatus:after
2020-11-05 16:36:09 - page.event.update:after
2020-11-05 16:36:17 - page.event.changeStatus:after
2020-11-05 16:36:22 - page.event.changeStatus:after
2020-11-05 16:36:27 - page.event.changeStatus:after
2020-11-15 15:26:25 - page.event.create:after
2020-11-15 15:26:25 - page.event.changeSlug:after
2020-11-15 15:35:42 - page.event.update:after
2020-11-15 15:36:17 - page.event.update:after
2020-11-15 15:36:54 - page.event.update:after
2020-11-15 15:37:29 - page.event.update:after
2020-11-15 15:37:41 - page.event.changeStatus:after
2020-11-15 15:37:41 - pages count: 7 listed
2020-11-25 11:55:46 - page.event.changeStatus:after
2020-11-25 11:55:46 - pages count: 0 listed
2020-11-25 11:55:50 - page.event.changeStatus:after
2020-11-25 11:55:50 - pages count: 0 listed
2020-11-25 11:55:55 - page.event.changeStatus:after
2020-11-25 11:55:55 - pages count: 0 listed
2020-11-25 11:55:59 - page.event.changeStatus:after
2020-11-25 11:55:59 - pages count: 0 listed
2020-11-25 11:56:03 - page.event.changeStatus:after
2020-11-25 11:56:03 - pages count: 0 listed
2020-11-25 11:56:20 - page.event.changeStatus:after
2020-11-25 11:56:20 - pages count: 0 listed
2020-11-25 11:56:27 - page.event.update:after
2020-11-25 11:57:04 - page.event.update:after
2020-11-25 11:57:13 - page.event.changeStatus:after
2020-11-25 11:57:57 - page.event.create:after
2020-11-25 11:57:57 - page.event.changeSlug:after
2020-11-25 11:58:49 - page.event.update:after
2020-11-25 11:59:55 - page.event.update:after
2020-11-25 12:00:00 - page.event.changeStatus:after
2020-11-25 12:00:00 - pages count: 6 listed
2020-11-25 12:00:12 - page.event.changeStatus:after
2020-11-25 12:00:12 - pages count: 6 listed
2020-11-25 12:00:21 - page.event.changeStatus:after
2020-11-25 12:00:28 - page.event.changeStatus:after
2020-11-25 12:00:32 - page.event.changeStatus:after
2020-11-25 12:00:37 - page.event.changeStatus:after
2020-11-25 12:00:42 - page.event.changeStatus:after
2020-11-25 12:00:46 - page.event.changeStatus:after
2020-11-25 12:00:51 - page.event.changeStatus:after
2020-11-26 14:30:54 - page.event.create:after
2020-11-26 14:30:54 - page.event.changeSlug:after
2020-11-26 14:37:16 - page.event.update:after
2020-11-26 14:41:49 - page.event.update:after
2020-11-26 14:42:44 - page.event.update:after
2020-11-26 14:43:28 - page.event.update:after
2020-11-26 14:43:34 - page.event.changeStatus:after
2020-11-27 12:31:58 - page.event.update:after
2020-11-27 12:32:36 - page.event.update:after
2020-11-27 12:33:08 - page.event.update:after
2020-11-27 12:33:48 - page.event.update:after
2020-11-27 12:34:07 - page.event.update:after
2020-11-27 12:34:47 - page.event.update:after
2020-11-27 12:35:05 - page.event.update:after
2020-11-27 12:35:14 - page.event.update:after
2020-11-27 12:35:21 - page.event.update:after
2020-11-27 12:35:30 - page.event.update:after
2020-12-02 12:31:52 - page.event.create:after
2020-12-02 12:33:47 - page.event.update:after
2020-12-02 12:33:54 - page.event.changeStatus:after
2020-12-02 12:33:54 - pages count: 4 listed
2020-12-15 13:40:57 - page.event.create:after
2020-12-15 13:40:57 - page.event.changeSlug:after
2020-12-15 13:42:23 - page.event.update:after
2020-12-15 13:42:31 - page.event.changeStatus:after
2020-12-15 13:42:31 - pages count: 5 listed
2020-12-15 13:42:44 - page.event.changeStatus:after
2020-12-15 13:42:44 - pages count: 5 listed
2020-12-15 13:42:48 - page.event.changeStatus:after
2020-12-15 13:42:48 - pages count: 5 listed
2020-12-15 13:42:55 - page.event.changeStatus:after
2020-12-15 13:42:55 - pages count: 5 listed
2020-12-15 13:43:01 - page.event.changeStatus:after
2020-12-15 13:43:01 - pages count: 5 listed
2020-12-15 13:43:06 - page.event.changeStatus:after
2020-12-15 13:43:06 - pages count: 5 listed
2020-12-15 13:43:11 - page.event.changeStatus:after
2020-12-15 13:43:11 - pages count: 5 listed
2020-12-15 13:43:14 - page.event.changeStatus:after
2020-12-15 13:43:14 - pages count: 5 listed
2020-12-15 13:43:17 - page.event.changeStatus:after
2020-12-29 17:27:37 - page.event.create:after
2020-12-29 17:27:37 - page.event.changeSlug:after
2020-12-29 17:31:49 - page.event.update:after
2020-12-29 17:31:57 - page.event.changeStatus:after
2020-12-29 17:31:57 - pages count: 5 listed
2020-12-29 17:32:42 - page.event.create:after
2020-12-29 17:32:42 - page.event.changeSlug:after
2020-12-29 17:35:30 - page.event.update:after
2020-12-29 17:35:40 - page.event.update:after
2020-12-29 17:35:46 - page.event.update:after
2020-12-29 17:35:51 - page.event.changeStatus:after
2020-12-29 17:35:51 - pages count: 5 listed
2021-01-04 13:20:13 - page.event.create:after
2021-01-04 13:20:14 - page.event.changeSlug:after
2021-01-04 13:22:11 - page.event.update:after
2021-01-04 13:23:10 - page.event.update:after
2021-01-04 13:23:18 - page.event.changeStatus:after
2021-01-04 13:23:18 - pages count: 2 listed
2021-01-04 13:23:54 - page.event.create:after
2021-01-04 13:23:54 - page.event.changeSlug:after
2021-01-04 13:24:36 - page.event.update:after
2021-01-04 13:24:42 - page.event.changeStatus:after
2021-01-04 13:24:42 - pages count: 3 listed
2021-01-04 13:27:18 - page.event.create:after
2021-01-04 13:27:18 - page.event.changeSlug:after
2021-01-04 13:27:34 - page.event.create:after
2021-01-04 13:27:34 - page.event.changeSlug:after
2021-01-04 13:27:49 - page.event.create:after
2021-01-04 13:27:49 - page.event.changeSlug:after
2021-01-04 13:28:28 - page.event.update:after
2021-01-04 13:28:32 - page.event.changeStatus:after
2021-01-04 13:28:32 - pages count: 2 listed
2021-01-04 13:29:11 - page.event.update:after
2021-01-04 13:29:46 - page.event.update:after
2021-01-04 13:29:53 - page.event.changeStatus:after
2021-01-04 13:29:53 - pages count: 2 listed
2021-01-04 13:30:09 - page.event.update:after
2021-01-04 13:30:14 - page.event.changeStatus:after
2021-01-04 13:30:14 - pages count: 2 listed
2021-01-25 17:58:07 - page.event.create:after
2021-01-25 17:58:07 - page.event.changeSlug:after
2021-01-25 18:00:33 - page.event.update:after
2021-01-25 18:00:35 - page.event.update:after
2021-01-25 18:02:16 - page.event.update:after
2021-01-25 18:02:22 - page.event.update:after
2021-01-25 18:02:32 - page.event.changeStatus:after
2021-01-25 18:02:32 - pages count: 4 listed
2021-01-25 18:03:46 - page.event.changeTitle:after
2021-01-25 18:03:57 - page.event.update:after
2021-01-25 18:04:21 - page.event.update:after
2021-01-25 18:05:40 - page.event.changeStatus:after
2021-01-25 18:06:43 - page.event.update:after
2021-01-25 18:06:49 - page.event.changeStatus:after
2021-01-25 18:07:12 - page.event.update:after
2021-01-25 18:07:16 - page.event.changeStatus:after
2021-01-25 18:07:38 - page.event.update:after
2021-01-25 18:07:42 - page.event.changeStatus:after
2021-01-25 18:40:05 - page.event.create:after
2021-01-25 18:40:05 - page.event.changeSlug:after
2021-01-25 18:53:03 - page.event.update:after
2021-01-25 18:53:21 - page.event.changeStatus:after
2021-01-25 18:55:38 - page.event.changeTitle:after
2021-01-25 18:55:47 - page.event.update:after
2021-01-25 18:58:30 - page.event.update:after
2021-01-25 19:40:49 - page.event.update:after
2021-01-25 19:40:53 - page.event.update:after
2021-01-25 19:41:13 - page.event.update:after
2021-01-26 18:55:20 - page.event.create:after
2021-01-26 18:55:20 - page.event.changeSlug:after
2021-01-26 19:03:49 - page.event.update:after
2021-01-28 23:46:25 - page.event.update:after
2021-01-28 23:46:48 - page.event.update:after
2021-01-28 23:49:54 - page.event.update:after
2021-01-28 23:51:51 - page.event.update:after
2021-02-18 10:41:04 - page.event.create:after
2021-02-18 10:41:04 - page.event.changeSlug:after
2021-02-18 10:49:53 - page.event.update:after
2021-02-18 10:50:26 - page.event.update:after
2021-02-18 10:50:30 - page.event.changeStatus:after
2021-02-24 11:25:16 - page.event.create:after
2021-02-24 11:25:16 - page.event.changeSlug:after
2021-02-24 11:27:15 - page.event.update:after
2021-02-24 11:28:12 - page.event.create:after
2021-02-24 11:28:12 - page.event.changeSlug:after
2021-02-24 11:28:51 - page.event.update:after
2021-02-24 11:29:00 - page.event.changeTitle:after
2021-02-24 11:29:05 - page.event.update:after
2021-02-24 11:29:40 - page.event.create:after
2021-02-24 11:29:40 - page.event.changeSlug:after
2021-02-24 11:30:04 - page.event.update:after
2021-02-24 11:34:39 - page.event.update:after
2021-02-24 11:35:49 - page.event.update:after
2021-02-24 11:36:38 - page.event.changeTitle:after
2021-02-24 11:37:07 - page.event.update:after
2021-02-24 11:37:45 - page.event.create:after
2021-02-24 11:37:45 - page.event.changeSlug:after
2021-02-24 11:38:21 - page.event.update:after
2021-02-24 11:38:37 - page.event.update:after
2021-02-24 11:42:05 - page.event.update:after
2021-02-24 11:42:14 - page.event.changeStatus:after
2021-02-24 11:42:14 - pages count: 5 listed
2021-02-24 11:45:29 - page.event.update:after
2021-02-24 11:45:35 - page.event.changeStatus:after
2021-02-24 11:45:35 - pages count: 4 listed
2021-02-24 12:00:45 - page.event.update:after
2021-02-24 12:00:51 - page.event.changeStatus:after
2021-02-24 12:00:51 - pages count: 4 listed
2021-02-24 12:04:57 - page.event.update:after
2021-02-24 12:06:37 - page.event.create:after
2021-02-24 12:06:37 - page.event.changeSlug:after
2021-02-24 12:09:56 - page.event.update:after
2021-02-24 12:09:59 - page.event.changeStatus:after
2021-02-24 12:10:45 - page.event.update:after
2021-02-24 12:10:57 - page.event.update:after
2021-02-24 12:11:00 - page.event.changeStatus:after
2021-02-24 12:11:41 - page.event.update:after
2021-02-24 12:11:55 - page.event.update:after
2021-02-24 12:12:04 - page.event.changeStatus:after
2021-02-24 12:13:42 - page.event.update:after
2021-02-24 12:13:48 - page.event.changeStatus:after
2021-02-24 12:25:47 - page.event.update:after
2021-02-25 16:36:02 - page.event.update:after
2021-03-03 11:44:41 - page.event.create:after
2021-03-03 11:44:41 - page.event.changeSlug:after
2021-03-03 11:47:11 - page.event.update:after
2021-03-03 11:47:17 - page.event.update:after
2021-03-03 11:48:02 - page.event.update:after
2021-03-03 11:48:46 - page.event.update:after
2021-03-03 11:49:17 - page.event.update:after
2021-03-03 11:49:49 - page.event.update:after
2021-03-03 11:50:05 - page.event.update:after
2021-03-03 11:50:20 - page.event.update:after
2021-03-03 11:50:23 - page.event.update:after
2021-03-03 11:50:27 - page.event.changeStatus:after
2021-03-03 11:50:27 - pages count: 2 listed
2021-03-14 16:16:17 - page.event.update:after
2021-03-14 16:16:50 - page.event.update:after
2021-03-15 15:08:44 - page.event.update:after
2021-03-15 15:09:55 - page.event.update:after
2021-03-15 15:10:08 - page.event.update:after
2021-03-15 15:11:08 - page.event.update:after
2021-03-15 15:11:44 - page.event.update:after
2021-03-15 15:13:33 - page.event.update:after
2021-03-15 16:31:58 - page.event.update:after
2021-03-17 18:52:35 - page.event.update:after
2021-03-20 10:18:34 - page.event.update:after
2021-03-20 11:08:35 - page.event.update:after
2021-03-22 14:12:52 - page.event.update:after
2021-03-22 14:13:37 - page.event.update:after
2021-03-22 14:14:26 - page.event.update:after
2021-03-22 16:26:33 - page.event.update:after
2021-03-22 16:26:45 - page.event.changeStatus:after
2021-03-22 16:28:42 - page.event.create:after
2021-03-22 16:28:42 - page.event.changeSlug:after
2021-03-22 16:31:37 - page.event.update:after
2021-03-22 16:31:46 - page.event.changeStatus:after
2021-03-22 16:31:46 - pages count: 4 listed
2021-03-22 16:32:58 - page.event.create:after
2021-03-22 16:32:58 - page.event.changeSlug:after
2021-03-22 16:35:26 - page.event.update:after
2021-03-22 16:35:30 - page.event.changeStatus:after
2021-03-22 16:35:30 - pages count: 4 listed
2021-03-22 16:36:07 - page.event.create:after
2021-03-22 16:36:07 - page.event.changeSlug:after
2021-03-22 16:38:42 - page.event.update:after
2021-03-22 16:38:48 - page.event.changeStatus:after
2021-03-22 16:38:48 - pages count: 4 listed
2021-03-23 12:40:21 - page.event.update:after
2021-03-23 12:40:39 - page.event.update:after
2021-03-28 11:45:41 - page.event.update:after
2021-03-28 11:46:18 - page.event.update:after
2021-03-28 11:46:51 - page.event.update:after
2021-03-31 10:35:04 - page.event.update:after
2021-03-31 14:23:53 - page.event.create:after
2021-03-31 14:23:53 - page.event.changeSlug:after
2021-03-31 14:30:08 - page.event.update:after
2021-03-31 14:30:12 - page.event.changeStatus:after
2021-03-31 14:30:12 - pages count: 3 listed
2021-03-31 14:30:31 - page.event.update:after
2021-03-31 14:33:20 - page.event.update:after
2021-03-31 14:33:33 - page.event.update:after
2021-03-31 14:33:47 - page.event.update:after
2021-04-09 15:54:28 - page.event.update:after
2021-04-09 15:54:40 - page.event.update:after
2021-04-09 15:54:49 - page.event.update:after
2021-05-04 09:21:51 - page.event.create:after
2021-05-04 09:21:52 - page.event.changeSlug:after
2021-05-04 09:22:19 - page.event.changeTitle:after
2021-05-04 09:25:04 - page.event.update:after
2021-05-04 09:25:36 - page.event.changeStatus:after
2021-05-04 09:29:07 - page.event.update:after
2021-05-25 09:18:32 - page.event.create:after
2021-05-25 09:18:32 - page.event.changeSlug:after
2021-05-25 09:20:48 - page.event.update:after
2021-05-25 09:20:59 - page.event.changeStatus:after
2021-05-25 09:20:59 - pages count: 1 listed
2021-05-25 09:23:51 - page.event.create:after
2021-05-25 09:23:51 - page.event.changeSlug:after
2021-05-25 09:25:03 - page.event.update:after
2021-05-25 09:25:09 - page.event.changeStatus:after
2021-05-25 09:25:09 - pages count: 4 listed
2021-05-25 09:26:19 - page.event.create:after
2021-05-25 09:26:19 - page.event.changeSlug:after
2021-05-25 09:27:20 - page.event.update:after
2021-05-25 09:27:33 - page.event.changeStatus:after
2021-05-25 09:27:34 - pages count: 6 listed
2021-05-25 09:29:42 - page.event.create:after
2021-05-25 09:29:42 - page.event.changeSlug:after
2021-05-25 09:31:28 - page.event.update:after
2021-05-25 09:32:22 - page.event.update:after
2021-05-25 09:32:35 - page.event.changeStatus:after
